{"/Users/artemkocetkov/Documents/home/education/Алгоритмы/src/02/IArray.ts": {"path":"/Users/artemkocetkov/Documents/home/education/Алгоритмы/src/02/IArray.ts","statementMap":{"0":{"start":{"line":7,"column":0},"end":{"line":24,"column":null}},"1":{"start":{"line":8,"column":4},"end":{"line":23,"column":6}},"2":{"start":{"line":9,"column":25},"end":{"line":9,"column":37}},"3":{"start":{"line":10,"column":8},"end":{"line":10,"column":44}},"4":{"start":{"line":12,"column":8},"end":{"line":14,"column":null}},"5":{"start":{"line":12,"column":21},"end":{"line":12,"column":30}},"6":{"start":{"line":13,"column":12},"end":{"line":13,"column":38}},"7":{"start":{"line":16,"column":8},"end":{"line":20,"column":null}},"8":{"start":{"line":17,"column":12},"end":{"line":17,"column":null}},"9":{"start":{"line":19,"column":12},"end":{"line":19,"column":34}},"10":{"start":{"line":22,"column":8},"end":{"line":22,"column":20}}},"fnMap":{"0":{"name":"(anonymous_0)","decl":{"start":{"line":8,"column":34},"end":{"line":8,"column":43}},"loc":{"start":{"line":8,"column":70},"end":{"line":23,"column":5}}}},"branchMap":{"0":{"loc":{"start":{"line":7,"column":0},"end":{"line":24,"column":null}},"type":"if","locations":[{"start":{"line":7,"column":0},"end":{"line":24,"column":null}}]},"1":{"loc":{"start":{"line":16,"column":8},"end":{"line":20,"column":null}},"type":"if","locations":[{"start":{"line":16,"column":8},"end":{"line":20,"column":null}},{"start":{"line":18,"column":15},"end":{"line":20,"column":null}}]}},"s":{"0":1,"1":1,"2":4,"3":4,"4":4,"5":4,"6":8,"7":4,"8":1,"9":3,"10":4},"f":{"0":4},"b":{"0":[1],"1":[1,3]}}
,"/Users/artemkocetkov/Documents/home/education/Алгоритмы/src/02/PQueue.ts": {"path":"/Users/artemkocetkov/Documents/home/education/Алгоритмы/src/02/PQueue.ts","statementMap":{"0":{"start":{"line":1,"column":0},"end":{"line":1,"column":13}},"1":{"start":{"line":6,"column":8},"end":{"line":6,"column":25}},"2":{"start":{"line":7,"column":8},"end":{"line":7,"column":45}},"3":{"start":{"line":10,"column":4},"end":{"line":21,"column":null}},"4":{"start":{"line":11,"column":8},"end":{"line":13,"column":null}},"5":{"start":{"line":12,"column":12},"end":{"line":12,"column":19}},"6":{"start":{"line":15,"column":8},"end":{"line":18,"column":null}},"7":{"start":{"line":16,"column":12},"end":{"line":16,"column":44}},"8":{"start":{"line":17,"column":12},"end":{"line":17,"column":19}},"9":{"start":{"line":20,"column":8},"end":{"line":20,"column":42}},"10":{"start":{"line":23,"column":4},"end":{"line":40,"column":null}},"11":{"start":{"line":24,"column":27},"end":{"line":24,"column":51}},"12":{"start":{"line":26,"column":8},"end":{"line":37,"column":null}},"13":{"start":{"line":26,"column":21},"end":{"line":26,"column":22}},"14":{"start":{"line":27,"column":24},"end":{"line":27,"column":37}},"15":{"start":{"line":29,"column":12},"end":{"line":31,"column":null}},"16":{"start":{"line":30,"column":16},"end":{"line":30,"column":25}},"17":{"start":{"line":33,"column":26},"end":{"line":33,"column":45}},"18":{"start":{"line":34,"column":12},"end":{"line":34,"column":57}},"19":{"start":{"line":36,"column":12},"end":{"line":36,"column":25}},"20":{"start":{"line":39,"column":8},"end":{"line":39,"column":20}},"21":{"start":{"line":41,"column":0},"end":{"line":41,"column":null}},"22":{"start":{"line":1,"column":13},"end":{"line":1,"column":19}}},"fnMap":{"0":{"name":"(anonymous_0)","decl":{"start":{"line":1,"column":0},"end":{"line":1,"column":13}},"loc":{"start":{"line":1,"column":0},"end":{"line":41,"column":null}}},"1":{"name":"PQueue","decl":{"start":{"line":5,"column":4},"end":{"line":5,"column":16}},"loc":{"start":{"line":5,"column":38},"end":{"line":8,"column":5}}},"2":{"name":"(anonymous_2)","decl":{"start":{"line":10,"column":4},"end":{"line":10,"column":11}},"loc":{"start":{"line":10,"column":38},"end":{"line":21,"column":5}}},"3":{"name":"(anonymous_3)","decl":{"start":{"line":23,"column":4},"end":{"line":23,"column":11}},"loc":{"start":{"line":23,"column":4},"end":{"line":40,"column":5}}}},"branchMap":{"0":{"loc":{"start":{"line":11,"column":8},"end":{"line":13,"column":null}},"type":"if","locations":[{"start":{"line":11,"column":8},"end":{"line":13,"column":null}}]},"1":{"loc":{"start":{"line":15,"column":8},"end":{"line":18,"column":null}},"type":"if","locations":[{"start":{"line":15,"column":8},"end":{"line":18,"column":null}}]},"2":{"loc":{"start":{"line":29,"column":12},"end":{"line":31,"column":null}},"type":"if","locations":[{"start":{"line":29,"column":12},"end":{"line":31,"column":null}}]}},"s":{"0":1,"1":1,"2":1,"3":1,"4":4,"5":0,"6":4,"7":3,"8":3,"9":1,"10":1,"11":5,"12":5,"13":5,"14":10,"15":10,"16":6,"17":4,"18":4,"19":4,"20":1,"21":1,"22":1},"f":{"0":1,"1":1,"2":4,"3":5},"b":{"0":[0],"1":[3],"2":[6]}}
,"/Users/artemkocetkov/Documents/home/education/Алгоритмы/src/03/fib_matrix.ts": {"path":"/Users/artemkocetkov/Documents/home/education/Алгоритмы/src/03/fib_matrix.ts","statementMap":{"0":{"start":{"line":4,"column":4},"end":{"line":6,"column":null}},"1":{"start":{"line":5,"column":8},"end":{"line":5,"column":19}},"2":{"start":{"line":8,"column":22},"end":{"line":11,"column":6}},"3":{"start":{"line":13,"column":18},"end":{"line":13,"column":24}},"4":{"start":{"line":14,"column":29},"end":{"line":14,"column":30}},"5":{"start":{"line":16,"column":4},"end":{"line":19,"column":null}},"6":{"start":{"line":16,"column":17},"end":{"line":16,"column":18}},"7":{"start":{"line":17,"column":8},"end":{"line":17,"column":46}},"8":{"start":{"line":18,"column":8},"end":{"line":18,"column":39}},"9":{"start":{"line":21,"column":4},"end":{"line":21,"column":19}},"10":{"start":{"line":3,"column":0},"end":{"line":3,"column":16}},"11":{"start":{"line":24,"column":18},"end":{"line":31,"column":1}},"12":{"start":{"line":25,"column":19},"end":{"line":28,"column":6}},"13":{"start":{"line":30,"column":4},"end":{"line":30,"column":18}}},"fnMap":{"0":{"name":"fib","decl":{"start":{"line":3,"column":16},"end":{"line":3,"column":19}},"loc":{"start":{"line":3,"column":29},"end":{"line":22,"column":1}}},"1":{"name":"(anonymous_1)","decl":{"start":{"line":24,"column":18},"end":{"line":24,"column":19}},"loc":{"start":{"line":24,"column":39},"end":{"line":31,"column":1}}}},"branchMap":{"0":{"loc":{"start":{"line":4,"column":4},"end":{"line":6,"column":null}},"type":"if","locations":[{"start":{"line":4,"column":4},"end":{"line":6,"column":null}}]}},"s":{"0":4,"1":1,"2":3,"3":3,"4":3,"5":3,"6":3,"7":10,"8":10,"9":3,"10":1,"11":1,"12":10,"13":10},"f":{"0":4,"1":10},"b":{"0":[1]}}
}
