TN:
SF:src/02/IArray.ts
FN:8,(anonymous_0)
FNF:1
FNH:1
FNDA:4,(anonymous_0)
DA:7,1
DA:8,1
DA:9,4
DA:10,4
DA:12,4
DA:13,8
DA:16,4
DA:17,1
DA:19,3
DA:22,4
LF:10
LH:10
BRDA:7,0,0,1
BRDA:16,1,0,1
BRDA:16,1,1,3
BRF:3
BRH:3
end_of_record
TN:
SF:src/02/PQueue.ts
FN:1,(anonymous_0)
FN:5,PQueue
FN:10,(anonymous_2)
FN:23,(anonymous_3)
FNF:4
FNH:4
FNDA:1,(anonymous_0)
FNDA:1,PQueue
FNDA:4,(anonymous_2)
FNDA:5,(anonymous_3)
DA:1,1
DA:6,1
DA:7,1
DA:10,1
DA:11,4
DA:12,0
DA:15,4
DA:16,3
DA:17,3
DA:20,1
DA:23,1
DA:24,5
DA:26,5
DA:27,10
DA:29,10
DA:30,6
DA:33,4
DA:34,4
DA:36,4
DA:39,1
DA:41,1
LF:21
LH:20
BRDA:11,0,0,0
BRDA:15,1,0,3
BRDA:29,2,0,6
BRF:3
BRH:2
end_of_record
TN:
SF:src/03/fib_matrix.ts
FN:3,fib
FN:24,(anonymous_1)
FNF:2
FNH:2
FNDA:4,fib
FNDA:10,(anonymous_1)
DA:3,1
DA:4,4
DA:5,1
DA:8,3
DA:13,3
DA:14,3
DA:16,3
DA:17,10
DA:18,10
DA:21,3
DA:24,1
DA:25,10
DA:30,10
LF:13
LH:13
BRDA:4,0,0,1
BRF:1
BRH:1
end_of_record
TN:
SF:src/04/insertSort.ts
FN:1,insertSort
FNF:1
FNH:1
FNDA:5,insertSort
DA:1,1
DA:2,5
DA:4,5
DA:5,5
DA:7,5
DA:8,18
DA:11,18
DA:13,52
DA:14,14
DA:15,14
DA:18,38
DA:21,38
DA:22,4
DA:28,5
LF:14
LH:14
BRDA:13,0,0,14
BRDA:13,0,1,38
BRDA:21,1,0,4
BRF:3
BRH:3
end_of_record
