TN:
SF:src/02/IArray.ts
FN:8,(anonymous_0)
FNF:1
FNH:1
FNDA:4,(anonymous_0)
DA:7,1
DA:8,1
DA:9,4
DA:10,4
DA:12,4
DA:13,8
DA:16,4
DA:17,1
DA:19,3
DA:22,4
LF:10
LH:10
BRDA:7,0,0,1
BRDA:16,1,0,1
BRDA:16,1,1,3
BRF:3
BRH:3
end_of_record
TN:
SF:src/02/PQueue.ts
FN:1,(anonymous_0)
FN:5,PQueue
FN:10,(anonymous_2)
FN:23,(anonymous_3)
FNF:4
FNH:4
FNDA:1,(anonymous_0)
FNDA:1,PQueue
FNDA:4,(anonymous_2)
FNDA:5,(anonymous_3)
DA:1,1
DA:6,1
DA:7,1
DA:10,1
DA:11,4
DA:12,0
DA:15,4
DA:16,3
DA:17,3
DA:20,1
DA:23,1
DA:24,5
DA:26,5
DA:27,10
DA:29,10
DA:30,6
DA:33,4
DA:34,4
DA:36,4
DA:39,1
DA:41,1
LF:21
LH:20
BRDA:11,0,0,0
BRDA:15,1,0,3
BRDA:29,2,0,6
BRF:3
BRH:2
end_of_record
TN:
SF:src/03/fib_matrix.ts
FN:3,fib
FN:24,(anonymous_1)
FNF:2
FNH:2
FNDA:4,fib
FNDA:10,(anonymous_1)
DA:3,1
DA:4,4
DA:5,1
DA:8,3
DA:13,3
DA:14,3
DA:16,3
DA:17,10
DA:18,10
DA:21,3
DA:24,1
DA:25,10
DA:30,10
LF:13
LH:13
BRDA:4,0,0,1
BRF:1
BRH:1
end_of_record
TN:
SF:src/04/insertSort.ts
FN:1,insertSort
FNF:1
FNH:1
FNDA:5,insertSort
DA:1,1
DA:2,5
DA:4,5
DA:5,5
DA:7,5
DA:8,18
DA:11,18
DA:13,52
DA:14,14
DA:15,14
DA:18,38
DA:21,38
DA:22,4
DA:28,5
LF:14
LH:14
BRDA:13,0,0,14
BRDA:13,0,1,38
BRDA:21,1,0,4
BRF:3
BRH:3
end_of_record
TN:
SF:src/12/hashTable.ts
FN:8,(anonymous_0)
FN:11,HashTable
FN:15,(anonymous_2)
FN:32,(anonymous_3)
FN:50,(anonymous_4)
FN:57,(anonymous_5)
FNF:6
FNH:6
FNDA:1,(anonymous_0)
FNDA:3,HashTable
FNDA:5,(anonymous_2)
FNDA:2,(anonymous_3)
FNDA:3,(anonymous_4)
FNDA:3,(anonymous_5)
DA:1,1
DA:8,1
DA:12,3
DA:15,1
DA:16,5
DA:17,5
DA:19,5
DA:20,3
DA:24,3
DA:28,2
DA:29,2
DA:32,1
DA:34,2
DA:35,2
DA:36,2
DA:39,0
DA:40,0
DA:44,0
DA:47,0
DA:50,1
DA:51,3
DA:52,3
DA:54,3
DA:57,1
DA:58,3
DA:59,3
DA:62,0
DA:64,1
DA:66,1
LF:29
LH:24
BRDA:19,0,0,3
BRDA:34,1,0,2
BRDA:39,2,0,0
BRDA:58,3,0,3
BRF:4
BRH:3
end_of_record
TN:
SF:src/12/hashTableV2.ts
FN:7,(anonymous_0)
FN:10,HashTable
FN:14,(anonymous_2)
FN:25,(anonymous_3)
FNF:4
FNH:4
FNDA:1,(anonymous_0)
FNDA:2,HashTable
FNDA:5,(anonymous_2)
FNDA:3,(anonymous_3)
DA:1,1
DA:7,1
DA:11,2
DA:14,1
DA:15,5
DA:16,5
DA:18,5
DA:25,1
DA:26,3
DA:27,3
DA:29,3
DA:31,1
LF:12
LH:12
BRDA:18,0,0,2
BRDA:18,0,1,3
BRF:2
BRH:2
end_of_record
